2019.09.06 19:11:44
Имя: значение не указано
Телефон: 103
Адрес страницы: http://lp.local/

2019.09.06 19:11:54
Имя: значение не указано
Телефон: 103
Адрес страницы: http://lp.local/

2019.09.06 19:15:50
Имя: 234234
Телефон: 234234
Адрес страницы: http://lp.local/

2019.09.06 19:17:27
Имя: 12
Телефон: 123
Адрес страницы: http://lp.local/

2019.09.06 19:22:33
Имя: 123
Телефон: 123
Адрес страницы: http://lp.local/

2019.09.06 19:23:23
Имя: 123
Телефон: 123
Адрес страницы: http://lp.local/

2019.09.06 19:25:37
Имя: еуые
Телефон: 103
Дополнительная информация: Услуга 4
Адрес страницы: http://lp.local/

2019.09.06 19:32:34
Имя: значение не указано
Телефон: 103
Почта: значение не указано
Сообщение: значение не указано
Адрес страницы: http://lp.local/

2019.09.06 20:21:17
Имя: HO4545444
Телефон: 103
Почта: значение не указано
Сообщение: значение не указано
Адрес страницы: http://lp.local/

